#-----------------------------------------------------------
# Vivado v2020.2 (64-bit)
# SW Build 3064766 on Wed Nov 18 09:12:45 MST 2020
# IP Build 3064653 on Wed Nov 18 14:17:31 MST 2020
# Start of session at: Wed Nov 23 00:59:56 2022
# Process ID: 16064
# Current directory: E:/lab5/bonus
# Command line: vivado.exe -gui_launcher_event rodinguilauncherevent26208 E:\lab5\bonus\bonus.xpr
# Log file: E:/lab5/bonus/vivado.log
# Journal file: E:/lab5/bonus\vivado.jou
#-----------------------------------------------------------
start_gui
open_project E:/lab5/bonus/bonus.xpr
WARNING: [filemgmt 56-3] Default IP Output Path : Could not find the directory 'E:/lab5/bonus/bonus.gen/sources_1'.
Scanning sources...
Finished scanning sources
INFO: [IP_Flow 19-234] Refreshing IP repositories
INFO: [IP_Flow 19-1704] No user IP repositories specified
INFO: [IP_Flow 19-2313] Loaded Vivado IP repository 'C:/Xilinx/Vivado/2020.2/data/ip'.
update_compile_order -fileset sources_1
launch_simulation
Command: launch_simulation 
INFO: [Vivado 12-5682] Launching behavioral simulation in 'E:/lab5/bonus/bonus.sim/sim_1/behav/xsim'
INFO: [SIM-utils-51] Simulation object is 'sim_1'
INFO: [SIM-utils-54] Inspecting design source files for 'Booth_Multiplier_4bit_t' in fileset 'sim_1'...
INFO: [USF-XSim-97] Finding global include files...
INFO: [USF-XSim-98] Fetching design files from 'sim_1'...
INFO: [USF-XSim-2] XSim::Compile design
INFO: [USF-XSim-61] Executing 'COMPILE and ANALYZE' step in 'E:/lab5/bonus/bonus.sim/sim_1/behav/xsim'
"xvlog --incr --relax -prj Booth_Multiplier_4bit_t_vlog.prj"
INFO: [VRFC 10-2263] Analyzing Verilog file "C:/khris/大二上/Logic-Design-Laborator/lab5/Lab5_TeamX_Booth_Multiplier_4bit_t.v" into library xil_defaultlib
INFO: [VRFC 10-311] analyzing module Booth_Multiplier_4bit_t
INFO: [USF-XSim-69] 'compile' step finished in '2' seconds
INFO: [USF-XSim-3] XSim::Elaborate design
INFO: [USF-XSim-61] Executing 'ELABORATE' step in 'E:/lab5/bonus/bonus.sim/sim_1/behav/xsim'
"xelab -wto b365e240206e4a08ab0a42134b938294 --incr --debug typical --relax --mt 2 -L xil_defaultlib -L unisims_ver -L unimacro_ver -L secureip --snapshot Booth_Multiplier_4bit_t_behav xil_defaultlib.Booth_Multiplier_4bit_t xil_defaultlib.glbl -log elaborate.log"
Vivado Simulator 2020.2
Copyright 1986-1999, 2001-2020 Xilinx, Inc. All Rights Reserved.
Running: C:/Xilinx/Vivado/2020.2/bin/unwrapped/win64.o/xelab.exe -wto b365e240206e4a08ab0a42134b938294 --incr --debug typical --relax --mt 2 -L xil_defaultlib -L unisims_ver -L unimacro_ver -L secureip --snapshot Booth_Multiplier_4bit_t_behav xil_defaultlib.Booth_Multiplier_4bit_t xil_defaultlib.glbl -log elaborate.log 
Using 2 slave threads.
Starting static elaboration
Pass Through NonSizing Optimizer
Completed static elaboration
Starting simulation data flow analysis
Completed simulation data flow analysis
Time Resolution for simulation is 1ps
Compiling module xil_defaultlib.Booth_Multiplier_4bit
Compiling module xil_defaultlib.Booth_Multiplier_4bit_t
Compiling module xil_defaultlib.glbl
Built simulation snapshot Booth_Multiplier_4bit_t_behav

****** Webtalk v2020.2 (64-bit)
  **** SW Build 3064766 on Wed Nov 18 09:12:45 MST 2020
  **** IP Build 3064653 on Wed Nov 18 14:17:31 MST 2020
    ** Copyright 1986-2020 Xilinx, Inc. All Rights Reserved.

source E:/lab5/bonus/bonus.sim/sim_1/behav/xsim/xsim.dir/Booth_Multiplier_4bit_t_behav/webtalk/xsim_webtalk.tcl -notrace
INFO: [Common 17-186] 'E:/lab5/bonus/bonus.sim/sim_1/behav/xsim/xsim.dir/Booth_Multiplier_4bit_t_behav/webtalk/usage_statistics_ext_xsim.xml' has been successfully sent to Xilinx on Wed Nov 23 01:00:23 2022. For additional details about this file, please refer to the WebTalk help file at C:/Xilinx/Vivado/2020.2/doc/webtalk_introduction.html.
INFO: [Common 17-206] Exiting Webtalk at Wed Nov 23 01:00:23 2022...
run_program: Time (s): cpu = 00:00:00 ; elapsed = 00:00:06 . Memory (MB): peak = 1018.160 ; gain = 0.000
INFO: [USF-XSim-69] 'elaborate' step finished in '6' seconds
INFO: [USF-XSim-4] XSim::Simulate design
INFO: [USF-XSim-61] Executing 'SIMULATE' step in 'E:/lab5/bonus/bonus.sim/sim_1/behav/xsim'
INFO: [USF-XSim-98] *** Running xsim
   with args "Booth_Multiplier_4bit_t_behav -key {Behavioral:sim_1:Functional:Booth_Multiplier_4bit_t} -tclbatch {Booth_Multiplier_4bit_t.tcl} -log {simulate.log}"
INFO: [USF-XSim-8] Loading simulator feature
Vivado Simulator 2020.2
Time resolution is 1 ps
source Booth_Multiplier_4bit_t.tcl
# set curr_wave [current_wave_config]
# if { [string length $curr_wave] == 0 } {
#   if { [llength [get_objects]] > 0} {
#     add_wave /
#     set_property needs_save false [current_wave_config]
#   } else {
#      send_msg_id Add_Wave-1 WARNING "No top level signals found. Simulator will start without a wave window. If you want to open a wave window go to 'File->New Waveform Configuration' or type 'create_wave_config' in the TCL console."
#   }
# }
# run 1000ns
INFO: [USF-XSim-96] XSim completed. Design snapshot 'Booth_Multiplier_4bit_t_behav' loaded.
INFO: [USF-XSim-97] XSim simulation ran for 1000ns
launch_simulation: Time (s): cpu = 00:00:05 ; elapsed = 00:00:10 . Memory (MB): peak = 1018.160 ; gain = 0.000
close_sim
INFO: [Simtcl 6-16] Simulation closed
close_sim: Time (s): cpu = 00:00:01 ; elapsed = 00:00:06 . Memory (MB): peak = 1018.160 ; gain = 0.000
launch_simulation
Command: launch_simulation 
INFO: [Vivado 12-5682] Launching behavioral simulation in 'E:/lab5/bonus/bonus.sim/sim_1/behav/xsim'
INFO: [SIM-utils-51] Simulation object is 'sim_1'
INFO: [SIM-utils-54] Inspecting design source files for 'Booth_Multiplier_4bit_t' in fileset 'sim_1'...
INFO: [USF-XSim-97] Finding global include files...
INFO: [USF-XSim-98] Fetching design files from 'sim_1'...
INFO: [USF-XSim-2] XSim::Compile design
INFO: [USF-XSim-61] Executing 'COMPILE and ANALYZE' step in 'E:/lab5/bonus/bonus.sim/sim_1/behav/xsim'
"xvlog --incr --relax -prj Booth_Multiplier_4bit_t_vlog.prj"
INFO: [VRFC 10-2263] Analyzing Verilog file "C:/khris/大二上/Logic-Design-Laborator/lab5/Lab5_TeamX_Booth_Multiplier_4bit.v" into library xil_defaultlib
INFO: [VRFC 10-311] analyzing module Booth_Multiplier_4bit
INFO: [VRFC 10-2263] Analyzing Verilog file "C:/khris/大二上/Logic-Design-Laborator/lab5/Lab5_TeamX_Booth_Multiplier_4bit_t.v" into library xil_defaultlib
INFO: [VRFC 10-311] analyzing module Booth_Multiplier_4bit_t
INFO: [USF-XSim-69] 'compile' step finished in '1' seconds
INFO: [USF-XSim-3] XSim::Elaborate design
INFO: [USF-XSim-61] Executing 'ELABORATE' step in 'E:/lab5/bonus/bonus.sim/sim_1/behav/xsim'
"xelab -wto b365e240206e4a08ab0a42134b938294 --incr --debug typical --relax --mt 2 -L xil_defaultlib -L unisims_ver -L unimacro_ver -L secureip --snapshot Booth_Multiplier_4bit_t_behav xil_defaultlib.Booth_Multiplier_4bit_t xil_defaultlib.glbl -log elaborate.log"
Vivado Simulator 2020.2
Copyright 1986-1999, 2001-2020 Xilinx, Inc. All Rights Reserved.
Running: C:/Xilinx/Vivado/2020.2/bin/unwrapped/win64.o/xelab.exe -wto b365e240206e4a08ab0a42134b938294 --incr --debug typical --relax --mt 2 -L xil_defaultlib -L unisims_ver -L unimacro_ver -L secureip --snapshot Booth_Multiplier_4bit_t_behav xil_defaultlib.Booth_Multiplier_4bit_t xil_defaultlib.glbl -log elaborate.log 
Using 2 slave threads.
Starting static elaboration
Pass Through NonSizing Optimizer
Completed static elaboration
Starting simulation data flow analysis
Completed simulation data flow analysis
Time Resolution for simulation is 1ps
Compiling module xil_defaultlib.Booth_Multiplier_4bit
Compiling module xil_defaultlib.Booth_Multiplier_4bit_t
Compiling module xil_defaultlib.glbl
Built simulation snapshot Booth_Multiplier_4bit_t_behav
INFO: [USF-XSim-69] 'elaborate' step finished in '2' seconds
INFO: [USF-XSim-4] XSim::Simulate design
INFO: [USF-XSim-61] Executing 'SIMULATE' step in 'E:/lab5/bonus/bonus.sim/sim_1/behav/xsim'
INFO: [USF-XSim-98] *** Running xsim
   with args "Booth_Multiplier_4bit_t_behav -key {Behavioral:sim_1:Functional:Booth_Multiplier_4bit_t} -tclbatch {Booth_Multiplier_4bit_t.tcl} -log {simulate.log}"
INFO: [USF-XSim-8] Loading simulator feature
Vivado Simulator 2020.2
Time resolution is 1 ps
source Booth_Multiplier_4bit_t.tcl
# set curr_wave [current_wave_config]
# if { [string length $curr_wave] == 0 } {
#   if { [llength [get_objects]] > 0} {
#     add_wave /
#     set_property needs_save false [current_wave_config]
#   } else {
#      send_msg_id Add_Wave-1 WARNING "No top level signals found. Simulator will start without a wave window. If you want to open a wave window go to 'File->New Waveform Configuration' or type 'create_wave_config' in the TCL console."
#   }
# }
# run 1000ns
INFO: [USF-XSim-96] XSim completed. Design snapshot 'Booth_Multiplier_4bit_t_behav' loaded.
INFO: [USF-XSim-97] XSim simulation ran for 1000ns
launch_simulation: Time (s): cpu = 00:00:03 ; elapsed = 00:00:05 . Memory (MB): peak = 1018.160 ; gain = 0.000
close_sim
INFO: [Simtcl 6-16] Simulation closed
exit
INFO: [Common 17-206] Exiting Vivado at Wed Nov 23 02:02:40 2022...
